<?xml version="1.0" encoding="UTF-8"?>
<!-- Generated by org.testng.reporters.JUnitXMLReporter -->
<testsuite hostname="Teresa-VAIO" name="Sample Application FireFox Browser Test" tests="2" failures="0" timestamp="7 Sep 2016 09:16:34 GMT" time="33.647" errors="0">
  <testcase name="testMethod" time="4.897" classname="com.IfWe.testcases.GoogleSearchTest"/>
  <testcase name="testMethod" time="6.164" classname="com.IfWe.testcases.GoogleSearchTest"/>
</testsuite> <!-- Sample Application FireFox Browser Test -->
