<?xml version="1.0" encoding="UTF-8"?>
<!-- Generated by org.testng.reporters.JUnitXMLReporter -->
<testsuite hostname="Teresa-VAIO" name="Sample Application Chrome Browser Test" tests="2" failures="0" timestamp="7 Sep 2016 09:16:19 GMT" time="18.804" errors="0">
  <testcase name="testMethod" time="1.723" classname="com.IfWe.testcases.GoogleSearchTest"/>
  <testcase name="testMethod" time="1.797" classname="com.IfWe.testcases.GoogleSearchTest"/>
</testsuite> <!-- Sample Application Chrome Browser Test -->
