<?xml version="1.0" encoding="UTF-8"?>
<!-- Generated by org.testng.reporters.JUnitXMLReporter -->
<testsuite hostname="Teresa-VAIO" name="Default test" tests="2" failures="0" timestamp="7 Sep 2016 07:56:53 GMT" time="52.017" errors="0">
  <testcase name="@BeforeMethod setup" time="0.0" classname="com.IfWe.testcases.GoogleSearchTest">
    <failure type="org.openqa.selenium.WebDriverException" message="Failed to connect to binary FirefoxBinary(C:\Program Files (x86)\Mozilla Firefox\firefox.exe) on port 7055; process output follows: 
ahoo arama motorlarÄ±nda Webroot kategori bilgisi.&amp;quot;,&amp;quot;creator&amp;quot;:&amp;quot;Webroot&amp;quot;,&amp;quot;homepageURL&amp;quot;:&amp;quot;http://www.webroot.com/&amp;quot;},{&amp;quot;locales&amp;quot;:[&amp;quot;zh-CN&amp;quot;],&amp;quot;name&amp;quot;:&amp;quot;Webroot Filtering Extension&amp;quot;,&amp;quot;description&amp;quot;:&amp;quot;Googleã€�Bing å’Œ Yahoo æ�œç´¢å¼•æ“Žä¸Šçš„ Webroot ç±»åˆ«ä¿¡æ�¯ã€‚&amp;quot;,&amp;quot;creator&amp;quot;:&amp;quot;Webroot&amp;quot;,&amp;quot;homepageURL&amp;quot;:&amp;quot;http://www.webroot.com/&amp;quot;},{&amp;quot;locales&amp;quot;:[&amp;quot;zh-TW&amp;quot;],&amp;quot;name&amp;quot;:&amp;quot;Webroot Filtering Extension&amp;quot;,&amp;quot;description&amp;quot;:&amp;quot;åœ¨ Googleã€�Bing å’Œ Yahoo æ�œå°‹å¼•æ“Žä¸Šçš„ Webroot é¡žåˆ¥è³‡è¨Šã€‚&amp;quot;,&amp;quot;creator&amp;quot;:&amp;quot;Webroot&amp;quot;,&amp;quot;homepageURL&amp;quot;:&amp;quot;http://www.webroot.com/&amp;quot;}],&amp;quot;targetApplications&amp;quot;:[{&amp;quot;id&amp;quot;:&amp;quot;{ec8030f7-c20a-464f-9b0e-13a3a9e97384}&amp;quot;,&amp;quot;minVersion&amp;quot;:&amp;quot;10.0&amp;quot;,&amp;quot;maxVersion&amp;quot;:&amp;quot;48.0&amp;quot;}],&amp;quot;targetPlatforms&amp;quot;:[],&amp;quot;multiprocessCompatible&amp;quot;:false,&amp;quot;signedState&amp;quot;:2,&amp;quot;seen&amp;quot;:true}
1473234972371	DeferredSave.extensions.json	DEBUG	Save changes
1473234972372	addons.xpi	DEBUG	Updating database with changes to installed add-ons
1473234972372	addons.xpi-utils	DEBUG	Updating add-on states
1473234972377	addons.xpi-utils	DEBUG	Writing add-ons list
1473234972386	addons.xpi	DEBUG	Registering manifest for C:\Program Files (x86)\Mozilla Firefox\browser\features\e10srollout@mozilla.org.xpi
1473234972388	addons.xpi	DEBUG	Calling bootstrap method startup on e10srollout@mozilla.org version 1.1
1473234972388	addons.xpi	DEBUG	Registering manifest for C:\Program Files (x86)\Mozilla Firefox\browser\features\firefox@getpocket.com.xpi
1473234972390	addons.xpi	DEBUG	Calling bootstrap method startup on firefox@getpocket.com version 1.0.4
1473234972394	addons.xpi	DEBUG	Registering manifest for C:\Program Files (x86)\Mozilla Firefox\browser\features\loop@mozilla.org.xpi
1473234972397	addons.xpi	DEBUG	Calling bootstrap method startup on loop@mozilla.org version 1.4.4
1473234972483	addons.xpi	DEBUG	Registering manifest for C:\Program Files (x86)\Mozilla Firefox\browser\extensions\{82AF8DCA-6DE9-405D-BD5E-43525BDAD38A}.xpi
1473234972485	addons.xpi	DEBUG	Calling bootstrap method startup on {82AF8DCA-6DE9-405D-BD5E-43525BDAD38A} version 8.3.0.9150
1473234972499	addons.manager	DEBUG	Registering shutdown blocker for XPIProvider
1473234972501	addons.manager	DEBUG	Provider finished startup: XPIProvider
1473234972501	addons.manager	DEBUG	Starting provider: LightweightThemeManager
1473234972501	addons.manager	DEBUG	Registering shutdown blocker for LightweightThemeManager
1473234972502	addons.manager	DEBUG	Provider finished startup: LightweightThemeManager
1473234972504	addons.manager	DEBUG	Starting provider: GMPProvider
1473234972530	addons.manager	DEBUG	Registering shutdown blocker for GMPProvider
1473234972532	addons.manager	DEBUG	Provider finished startup: GMPProvider
1473234972532	addons.manager	DEBUG	Starting provider: PluginProvider
1473234972533	addons.manager	DEBUG	Registering shutdown blocker for PluginProvider
1473234972534	addons.manager	DEBUG	Provider finished startup: PluginProvider
1473234972536	addons.manager	DEBUG	Completed startup sequence
1473234974362	addons.manager	DEBUG	Starting provider: &amp;lt;unnamed-provider&amp;gt;
1473234974363	addons.manager	DEBUG	Registering shutdown blocker for &amp;lt;unnamed-provider&amp;gt;
1473234974364	addons.manager	DEBUG	Provider finished startup: &amp;lt;unnamed-provider&amp;gt;
1473234974370	DeferredSave.extensions.json	DEBUG	Write succeeded
1473234974371	addons.xpi-utils	DEBUG	XPI Database saved, setting schema version preference to 17
1473234974371	DeferredSave.extensions.json	DEBUG	Starting timer
1473234975227	DeferredSave.extensions.json	DEBUG	Starting write
1473234975797	addons.repository	DEBUG	No addons.json found.
1473234975799	DeferredSave.addons.json	DEBUG	Save changes
1473234975809	DeferredSave.addons.json	DEBUG	Starting timer
1473234976026	addons.manager	DEBUG	Starting provider: PreviousExperimentProvider
1473234976026	addons.manager	DEBUG	Registering shutdown blocker for PreviousExperimentProvider
1473234976027	addons.manager	DEBUG	Provider finished startup: PreviousExperimentProvider
1473234976049	DeferredSave.addons.json	DEBUG	Starting write
1473234976070	DeferredSave.extensions.json	DEBUG	Write succeeded
1473234976342	DeferredSave.addons.json	DEBUG	Write succeeded

Build info: version: &amp;apos;2.53.1&amp;apos;, revision: &amp;apos;a36b8b1cd5757287168e54b817830adce9b0158d&amp;apos;, time: &amp;apos;2016-06-30 19:26:09&amp;apos;
System info: host: &amp;apos;Teresa-VAIO&amp;apos;, ip: &amp;apos;10.0.0.6&amp;apos;, os.name: &amp;apos;Windows 7&amp;apos;, os.arch: &amp;apos;amd64&amp;apos;, os.version: &amp;apos;6.1&amp;apos;, java.version: &amp;apos;1.8.0_101&amp;apos;
Driver info: driver.version: FirefoxDriver">
      <![CDATA[org.openqa.selenium.WebDriverException: Failed to connect to binary FirefoxBinary(C:\Program Files (x86)\Mozilla Firefox\firefox.exe) on port 7055; process output follows: 
ahoo arama motorlarÄ±nda Webroot kategori bilgisi.","creator":"Webroot","homepageURL":"http://www.webroot.com/"},{"locales":["zh-CN"],"name":"Webroot Filtering Extension","description":"Googleã€�Bing å’Œ Yahoo æ�œç´¢å¼•æ“Žä¸Šçš„ Webroot ç±»åˆ«ä¿¡æ�¯ã€‚","creator":"Webroot","homepageURL":"http://www.webroot.com/"},{"locales":["zh-TW"],"name":"Webroot Filtering Extension","description":"åœ¨ Googleã€�Bing å’Œ Yahoo æ�œå°‹å¼•æ“Žä¸Šçš„ Webroot é¡žåˆ¥è³‡è¨Šã€‚","creator":"Webroot","homepageURL":"http://www.webroot.com/"}],"targetApplications":[{"id":"{ec8030f7-c20a-464f-9b0e-13a3a9e97384}","minVersion":"10.0","maxVersion":"48.0"}],"targetPlatforms":[],"multiprocessCompatible":false,"signedState":2,"seen":true}
1473234972371	DeferredSave.extensions.json	DEBUG	Save changes
1473234972372	addons.xpi	DEBUG	Updating database with changes to installed add-ons
1473234972372	addons.xpi-utils	DEBUG	Updating add-on states
1473234972377	addons.xpi-utils	DEBUG	Writing add-ons list
1473234972386	addons.xpi	DEBUG	Registering manifest for C:\Program Files (x86)\Mozilla Firefox\browser\features\e10srollout@mozilla.org.xpi
1473234972388	addons.xpi	DEBUG	Calling bootstrap method startup on e10srollout@mozilla.org version 1.1
1473234972388	addons.xpi	DEBUG	Registering manifest for C:\Program Files (x86)\Mozilla Firefox\browser\features\firefox@getpocket.com.xpi
1473234972390	addons.xpi	DEBUG	Calling bootstrap method startup on firefox@getpocket.com version 1.0.4
1473234972394	addons.xpi	DEBUG	Registering manifest for C:\Program Files (x86)\Mozilla Firefox\browser\features\loop@mozilla.org.xpi
1473234972397	addons.xpi	DEBUG	Calling bootstrap method startup on loop@mozilla.org version 1.4.4
1473234972483	addons.xpi	DEBUG	Registering manifest for C:\Program Files (x86)\Mozilla Firefox\browser\extensions\{82AF8DCA-6DE9-405D-BD5E-43525BDAD38A}.xpi
1473234972485	addons.xpi	DEBUG	Calling bootstrap method startup on {82AF8DCA-6DE9-405D-BD5E-43525BDAD38A} version 8.3.0.9150
1473234972499	addons.manager	DEBUG	Registering shutdown blocker for XPIProvider
1473234972501	addons.manager	DEBUG	Provider finished startup: XPIProvider
1473234972501	addons.manager	DEBUG	Starting provider: LightweightThemeManager
1473234972501	addons.manager	DEBUG	Registering shutdown blocker for LightweightThemeManager
1473234972502	addons.manager	DEBUG	Provider finished startup: LightweightThemeManager
1473234972504	addons.manager	DEBUG	Starting provider: GMPProvider
1473234972530	addons.manager	DEBUG	Registering shutdown blocker for GMPProvider
1473234972532	addons.manager	DEBUG	Provider finished startup: GMPProvider
1473234972532	addons.manager	DEBUG	Starting provider: PluginProvider
1473234972533	addons.manager	DEBUG	Registering shutdown blocker for PluginProvider
1473234972534	addons.manager	DEBUG	Provider finished startup: PluginProvider
1473234972536	addons.manager	DEBUG	Completed startup sequence
1473234974362	addons.manager	DEBUG	Starting provider: <unnamed-provider>
1473234974363	addons.manager	DEBUG	Registering shutdown blocker for <unnamed-provider>
1473234974364	addons.manager	DEBUG	Provider finished startup: <unnamed-provider>
1473234974370	DeferredSave.extensions.json	DEBUG	Write succeeded
1473234974371	addons.xpi-utils	DEBUG	XPI Database saved, setting schema version preference to 17
1473234974371	DeferredSave.extensions.json	DEBUG	Starting timer
1473234975227	DeferredSave.extensions.json	DEBUG	Starting write
1473234975797	addons.repository	DEBUG	No addons.json found.
1473234975799	DeferredSave.addons.json	DEBUG	Save changes
1473234975809	DeferredSave.addons.json	DEBUG	Starting timer
1473234976026	addons.manager	DEBUG	Starting provider: PreviousExperimentProvider
1473234976026	addons.manager	DEBUG	Registering shutdown blocker for PreviousExperimentProvider
1473234976027	addons.manager	DEBUG	Provider finished startup: PreviousExperimentProvider
1473234976049	DeferredSave.addons.json	DEBUG	Starting write
1473234976070	DeferredSave.extensions.json	DEBUG	Write succeeded
1473234976342	DeferredSave.addons.json	DEBUG	Write succeeded

Build info: version: '2.53.1', revision: 'a36b8b1cd5757287168e54b817830adce9b0158d', time: '2016-06-30 19:26:09'
System info: host: 'Teresa-VAIO', ip: '10.0.0.6', os.name: 'Windows 7', os.arch: 'amd64', os.version: '6.1', java.version: '1.8.0_101'
Driver info: driver.version: FirefoxDriver
	at org.openqa.selenium.firefox.internal.NewProfileExtensionConnection.start(NewProfileExtensionConnection.java:125)
	at org.openqa.selenium.firefox.FirefoxDriver.startClient(FirefoxDriver.java:271)
	at org.openqa.selenium.remote.RemoteWebDriver.<init>(RemoteWebDriver.java:119)
	at org.openqa.selenium.firefox.FirefoxDriver.<init>(FirefoxDriver.java:216)
	at org.openqa.selenium.firefox.FirefoxDriver.<init>(FirefoxDriver.java:211)
	at org.openqa.selenium.firefox.FirefoxDriver.<init>(FirefoxDriver.java:207)
	at org.openqa.selenium.firefox.FirefoxDriver.<init>(FirefoxDriver.java:120)
	at com.IfWe.testcases.GoogleSearchTest.setup(GoogleSearchTest.java:21)
	at sun.reflect.NativeMethodAccessorImpl.invoke0(Native Method)
	at sun.reflect.NativeMethodAccessorImpl.invoke(Unknown Source)
	at sun.reflect.DelegatingMethodAccessorImpl.invoke(Unknown Source)
	at java.lang.reflect.Method.invoke(Unknown Source)
	at org.testng.internal.MethodInvocationHelper.invokeMethod(MethodInvocationHelper.java:86)
	at org.testng.internal.Invoker.invokeConfigurationMethod(Invoker.java:514)
	at org.testng.internal.Invoker.invokeConfigurations(Invoker.java:215)
	at org.testng.internal.Invoker.invokeMethod(Invoker.java:589)
	at org.testng.internal.Invoker.invokeTestMethod(Invoker.java:820)
	at org.testng.internal.Invoker.invokeTestMethods(Invoker.java:1128)
	at org.testng.internal.TestMethodWorker.invokeTestMethods(TestMethodWorker.java:129)
	at org.testng.internal.TestMethodWorker.run(TestMethodWorker.java:112)
	at org.testng.TestRunner.privateRun(TestRunner.java:782)
	at org.testng.TestRunner.run(TestRunner.java:632)
	at org.testng.SuiteRunner.runTest(SuiteRunner.java:366)
	at org.testng.SuiteRunner.runSequentially(SuiteRunner.java:361)
	at org.testng.SuiteRunner.privateRun(SuiteRunner.java:319)
	at org.testng.SuiteRunner.run(SuiteRunner.java:268)
	at org.testng.SuiteRunnerWorker.runSuite(SuiteRunnerWorker.java:52)
	at org.testng.SuiteRunnerWorker.run(SuiteRunnerWorker.java:86)
	at org.testng.TestNG.runSuitesSequentially(TestNG.java:1244)
	at org.testng.TestNG.runSuitesLocally(TestNG.java:1169)
	at org.testng.TestNG.run(TestNG.java:1064)
	at org.testng.remote.AbstractRemoteTestNG.run(AbstractRemoteTestNG.java:126)
	at org.testng.remote.RemoteTestNG.initAndRun(RemoteTestNG.java:137)
	at org.testng.remote.RemoteTestNG.main(RemoteTestNG.java:58)
Caused by: org.openqa.selenium.firefox.NotConnectedException: Unable to connect to host 127.0.0.1 on port 7055 after 45000 ms. Firefox console output:
ahoo arama motorlarÄ±nda Webroot kategori bilgisi.","creator":"Webroot","homepageURL":"http://www.webroot.com/"},{"locales":["zh-CN"],"name":"Webroot Filtering Extension","description":"Googleã€�Bing å’Œ Yahoo æ�œç´¢å¼•æ“Žä¸Šçš„ Webroot ç±»åˆ«ä¿¡æ�¯ã€‚","creator":"Webroot","homepageURL":"http://www.webroot.com/"},{"locales":["zh-TW"],"name":"Webroot Filtering Extension","description":"åœ¨ Googleã€�Bing å’Œ Yahoo æ�œå°‹å¼•æ“Žä¸Šçš„ Webroot é¡žåˆ¥è³‡è¨Šã€‚","creator":"Webroot","homepageURL":"http://www.webroot.com/"}],"targetApplications":[{"id":"{ec8030f7-c20a-464f-9b0e-13a3a9e97384}","minVersion":"10.0","maxVersion":"48.0"}],"targetPlatforms":[],"multiprocessCompatible":false,"signedState":2,"seen":true}
1473234972371	DeferredSave.extensions.json	DEBUG	Save changes
1473234972372	addons.xpi	DEBUG	Updating database with changes to installed add-ons
1473234972372	addons.xpi-utils	DEBUG	Updating add-on states
1473234972377	addons.xpi-utils	DEBUG	Writing add-ons list
1473234972386	addons.xpi	DEBUG	Registering manifest for C:\Program Files (x86)\Mozilla Firefox\browser\features\e10srollout@mozilla.org.xpi
1473234972388	addons.xpi	DEBUG	Calling bootstrap method startup on e10srollout@mozilla.org version 1.1
1473234972388	addons.xpi	DEBUG	Registering manifest for C:\Program Files (x86)\Mozilla Firefox\browser\features\firefox@getpocket.com.xpi
1473234972390	addons.xpi	DEBUG	Calling bootstrap method startup on firefox@getpocket.com version 1.0.4
1473234972394	addons.xpi	DEBUG	Registering manifest for C:\Program Files (x86)\Mozilla Firefox\browser\features\loop@mozilla.org.xpi
1473234972397	addons.xpi	DEBUG	Calling bootstrap method startup on loop@mozilla.org version 1.4.4
1473234972483	addons.xpi	DEBUG	Registering manifest for C:\Program Files (x86)\Mozilla Firefox\browser\extensions\{82AF8DCA-6DE9-405D-BD5E-43525BDAD38A}.xpi
1473234972485	addons.xpi	DEBUG	Calling bootstrap method startup on {82AF8DCA-6DE9-405D-BD5E-43525BDAD38A} version 8.3.0.9150
1473234972499	addons.manager	DEBUG	Registering shutdown blocker for XPIProvider
1473234972501	addons.manager	DEBUG	Provider finished startup: XPIProvider
1473234972501	addons.manager	DEBUG	Starting provider: LightweightThemeManager
1473234972501	addons.manager	DEBUG	Registering shutdown blocker for LightweightThemeManager
1473234972502	addons.manager	DEBUG	Provider finished startup: LightweightThemeManager
1473234972504	addons.manager	DEBUG	Starting provider: GMPProvider
1473234972530	addons.manager	DEBUG	Registering shutdown blocker for GMPProvider
1473234972532	addons.manager	DEBUG	Provider finished startup: GMPProvider
1473234972532	addons.manager	DEBUG	Starting provider: PluginProvider
1473234972533	addons.manager	DEBUG	Registering shutdown blocker for PluginProvider
1473234972534	addons.manager	DEBUG	Provider finished startup: PluginProvider
1473234972536	addons.manager	DEBUG	Completed startup sequence
1473234974362	addons.manager	DEBUG	Starting provider: <unnamed-provider>
1473234974363	addons.manager	DEBUG	Registering shutdown blocker for <unnamed-provider>
1473234974364	addons.manager	DEBUG	Provider finished startup: <unnamed-provider>
1473234974370	DeferredSave.extensions.json	DEBUG	Write succeeded
1473234974371	addons.xpi-utils	DEBUG	XPI Database saved, setting schema version preference to 17
1473234974371	DeferredSave.extensions.json	DEBUG	Starting timer
1473234975227	DeferredSave.extensions.json	DEBUG	Starting write
1473234975797	addons.repository	DEBUG	No addons.json found.
1473234975799	DeferredSave.addons.json	DEBUG	Save changes
1473234975809	DeferredSave.addons.json	DEBUG	Starting timer
1473234976026	addons.manager	DEBUG	Starting provider: PreviousExperimentProvider
1473234976026	addons.manager	DEBUG	Registering shutdown blocker for PreviousExperimentProvider
1473234976027	addons.manager	DEBUG	Provider finished startup: PreviousExperimentProvider
1473234976049	DeferredSave.addons.json	DEBUG	Starting write
1473234976070	DeferredSave.extensions.json	DEBUG	Write succeeded
1473234976342	DeferredSave.addons.json	DEBUG	Write succeeded

	at org.openqa.selenium.firefox.internal.NewProfileExtensionConnection.start(NewProfileExtensionConnection.java:113)
	... 33 more
]]>
    </failure>
  </testcase> <!-- @BeforeMethod setup -->
  <testcase name="@AfterMethod tearDown" time="0.0" classname="com.IfWe.testcases.GoogleSearchTest">
    <skipped/>
  </testcase> <!-- @AfterMethod tearDown -->
  <testcase name="@BeforeMethod setup" time="0.0" classname="com.IfWe.testcases.GoogleSearchTest">
    <skipped/>
  </testcase> <!-- @BeforeMethod setup -->
  <testcase name="@AfterMethod tearDown" time="0.0" classname="com.IfWe.testcases.GoogleSearchTest">
    <skipped/>
  </testcase> <!-- @AfterMethod tearDown -->
  <testcase name="testMethod" time="0.014" classname="com.IfWe.testcases.GoogleSearchTest">
    <skipped/>
  </testcase> <!-- testMethod -->
  <testcase name="testMethod" time="0.016" classname="com.IfWe.testcases.GoogleSearchTest">
    <skipped/>
  </testcase> <!-- testMethod -->
</testsuite> <!-- Default test -->
